<?xml version="1.0" encoding="UTF-8"?>
<!-- Generated by org.testng.reporters.JUnitXMLReporter -->
<testsuite hostname="DESKTOP-7E96029" ignored="0" name="Surefire test" tests="3" failures="2" timestamp="2021-09-02T21:13:53 EEST" time="194.579" errors="0">
  <testcase name="@AfterTest afterTest" time="0.002" classname="testSelenium.Test1LabSelenium">
    <failure type="java.lang.NullPointerException">
      <![CDATA[java.lang.NullPointerException
at testSelenium.Test1LabSelenium.afterTest(Test1LabSelenium.java:55)
... Removed 29 stack frames]]>
    </failure>
  </testcase> <!-- @AfterTest afterTest -->
  <testcase name="secondTestSelenium" time="85.916" classname="Test2LabSelenium">
    <failure type="java.lang.NumberFormatException" message="For input string: &amp;quot;&amp;quot;">
      <![CDATA[java.lang.NumberFormatException: For input string: ""
at java.lang.NumberFormatException.forInputString(NumberFormatException.java:65)
at java.lang.Integer.parseInt(Integer.java:592)
at java.lang.Integer.<init>(Integer.java:867)
at Test2LabSelenium.secondTestSelenium(Test2LabSelenium.java:54)
at java.util.ArrayList.forEach(ArrayList.java:1259)
... Removed 32 stack frames]]>
    </failure>
  </testcase> <!-- secondTestSelenium -->
  <testcase name="firstTestSelenium" time="43.697" classname="testSelenium.Test1LabSelenium">
    <failure type="java.lang.AssertionError" message="User text after entering must be equal to Text under Show Message button expected [] but found [Hello, my name is Ivan]">
      <![CDATA[java.lang.AssertionError: User text after entering must be equal to Text under Show Message button expected [] but found [Hello, my name is Ivan]
at testSelenium.Test1LabSelenium.firstTestSelenium(Test1LabSelenium.java:49)
at java.util.ArrayList.forEach(ArrayList.java:1259)
... Removed 37 stack frames]]>
    </failure>
  </testcase> <!-- firstTestSelenium -->
  <testcase name="firstTestSelenium" time="64.799" classname="testSelenium.TestSelenium"/>
</testsuite> <!-- Surefire test -->
